<?xml version="1.0" encoding="UTF-8"?>
<!-- Generated by org.testng.reporters.JUnitReportReporter -->
<testsuite hostname="Mahbubs-MacBook-Pro.local" failures="0" tests="2" name="runners.SmokeTestRunner" time="35.382" errors="0" timestamp="11 Mar 2022 01:03:00 GMT" skipped="0">
  <testcase classname="runners.SmokeTestRunner" name="runScenario" time="17.289"/>
  <testcase classname="runners.SmokeTestRunner" name="runScenario" time="18.093"/>
</testsuite> <!-- runners.SmokeTestRunner -->
